Arguments: 
  /Users/dave/.nvm/versions/node/v9.2.1/bin/node /Users/dave/.nvm/versions/node/v9.2.1/bin/yarn add @types/prompt

PATH: 
  /usr/local/bin:/usr/bin:/bin:/usr/sbin:/sbin:/Users/dave/.nvm/versions/node/v9.2.1/bin

Yarn version: 
  1.7.0

Node version: 
  9.2.1

Platform: 
  darwin x64

Trace: 
  Error: https://registry.npm.taobao.org/@types%2fprompt: Not found
      at Request.params.callback [as _callback] (/Users/dave/.nvm/versions/node/v9.2.1/lib/node_modules/yarn/lib/cli.js:65656:18)
      at Request.self.callback (/Users/dave/.nvm/versions/node/v9.2.1/lib/node_modules/yarn/lib/cli.js:134675:22)
      at Request.emit (events.js:159:13)
      at Request.<anonymous> (/Users/dave/.nvm/versions/node/v9.2.1/lib/node_modules/yarn/lib/cli.js:135658:10)
      at Request.emit (events.js:159:13)
      at IncomingMessage.<anonymous> (/Users/dave/.nvm/versions/node/v9.2.1/lib/node_modules/yarn/lib/cli.js:135578:12)
      at Object.onceWrapper (events.js:254:19)
      at IncomingMessage.emit (events.js:164:20)
      at endReadableNT (_stream_readable.js:1054:12)
      at _combinedTickCallback (internal/process/next_tick.js:138:11)

npm manifest: 
  {
    "name": "Data-Structures-Algorithms-with-Javascript-exercise-answer",
    "version": "1.0.0",
    "main": "index.js",
    "repository": "https://github.com/MinionsDave/Data-Structures-Algorithms-with-Javascript-exercise-answer.git",
    "license": "MIT",
    "dependencies": {
      "prompt": "^1.0.0",
      "ts-node": "^7.0.0",
      "typescript": "^2.9.2"
    }
  }

yarn manifest: 
  No manifest

Lockfile: 
  # THIS IS AN AUTOGENERATED FILE. DO NOT EDIT THIS FILE DIRECTLY.
  # yarn lockfile v1
  
  
  arrify@^1.0.0:
    version "1.0.1"
    resolved "http://registry.npm.taobao.org/arrify/download/arrify-1.0.1.tgz#898508da2226f380df904728456849c1501a4b0d"
  
  async@~0.9.0:
    version "0.9.2"
    resolved "http://registry.npm.taobao.org/async/download/async-0.9.2.tgz#aea74d5e61c1f899613bf64bda66d4c78f2fd17d"
  
  async@~1.0.0:
    version "1.0.0"
    resolved "http://registry.npm.taobao.org/async/download/async-1.0.0.tgz#f8fc04ca3a13784ade9e1641af98578cfbd647a9"
  
  balanced-match@^1.0.0:
    version "1.0.0"
    resolved "http://registry.npm.taobao.org/balanced-match/download/balanced-match-1.0.0.tgz#89b4d199ab2bee49de164ea02b89ce462d71b767"
  
  brace-expansion@^1.1.7:
    version "1.1.11"
    resolved "http://registry.npm.taobao.org/brace-expansion/download/brace-expansion-1.1.11.tgz#3c7fcbf529d87226f3d2f52b966ff5271eb441dd"
    dependencies:
      balanced-match "^1.0.0"
      concat-map "0.0.1"
  
  buffer-from@^1.0.0, buffer-from@^1.1.0:
    version "1.1.0"
    resolved "http://registry.npm.taobao.org/buffer-from/download/buffer-from-1.1.0.tgz#87fcaa3a298358e0ade6e442cfce840740d1ad04"
  
  colors@1.0.x:
    version "1.0.3"
    resolved "http://registry.npm.taobao.org/colors/download/colors-1.0.3.tgz#0433f44d809680fdeb60ed260f1b0c262e82a40b"
  
  colors@^1.1.2:
    version "1.3.0"
    resolved "http://registry.npm.taobao.org/colors/download/colors-1.3.0.tgz#5f20c9fef6945cb1134260aab33bfbdc8295e04e"
  
  concat-map@0.0.1:
    version "0.0.1"
    resolved "http://registry.npm.taobao.org/concat-map/download/concat-map-0.0.1.tgz#d8a96bd77fd68df7793a73036a3ba0d5405d477b"
  
  cycle@1.0.x:
    version "1.0.3"
    resolved "http://registry.npm.taobao.org/cycle/download/cycle-1.0.3.tgz#21e80b2be8580f98b468f379430662b046c34ad2"
  
  deep-equal@~0.2.1:
    version "0.2.2"
    resolved "http://registry.npm.taobao.org/deep-equal/download/deep-equal-0.2.2.tgz#84b745896f34c684e98f2ce0e42abaf43bba017d"
  
  diff@^3.1.0:
    version "3.5.0"
    resolved "http://registry.npm.taobao.org/diff/download/diff-3.5.0.tgz#800c0dd1e0a8bfbc95835c202ad220fe317e5a12"
  
  eyes@0.1.x:
    version "0.1.8"
    resolved "http://registry.npm.taobao.org/eyes/download/eyes-0.1.8.tgz#62cf120234c683785d902348a800ef3e0cc20bc0"
  
  fs.realpath@^1.0.0:
    version "1.0.0"
    resolved "http://registry.npm.taobao.org/fs.realpath/download/fs.realpath-1.0.0.tgz#1504ad2523158caa40db4a2787cb01411994ea4f"
  
  glob@^7.0.5:
    version "7.1.2"
    resolved "http://registry.npm.taobao.org/glob/download/glob-7.1.2.tgz#c19c9df9a028702d678612384a6552404c636d15"
    dependencies:
      fs.realpath "^1.0.0"
      inflight "^1.0.4"
      inherits "2"
      minimatch "^3.0.4"
      once "^1.3.0"
      path-is-absolute "^1.0.0"
  
  i@0.3.x:
    version "0.3.6"
    resolved "http://registry.npm.taobao.org/i/download/i-0.3.6.tgz#d96c92732076f072711b6b10fd7d4f65ad8ee23d"
  
  inflight@^1.0.4:
    version "1.0.6"
    resolved "http://registry.npm.taobao.org/inflight/download/inflight-1.0.6.tgz#49bd6331d7d02d0c09bc910a1075ba8165b56df9"
    dependencies:
      once "^1.3.0"
      wrappy "1"
  
  inherits@2:
    version "2.0.3"
    resolved "http://registry.npm.taobao.org/inherits/download/inherits-2.0.3.tgz#633c2c83e3da42a502f52466022480f4208261de"
  
  isstream@0.1.x:
    version "0.1.2"
    resolved "http://registry.npm.taobao.org/isstream/download/isstream-0.1.2.tgz#47e63f7af55afa6f92e1500e690eb8b8529c099a"
  
  make-error@^1.1.1:
    version "1.3.4"
    resolved "http://registry.npm.taobao.org/make-error/download/make-error-1.3.4.tgz#19978ed575f9e9545d2ff8c13e33b5d18a67d535"
  
  minimatch@^3.0.4:
    version "3.0.4"
    resolved "http://registry.npm.taobao.org/minimatch/download/minimatch-3.0.4.tgz#5166e286457f03306064be5497e8dbb0c3d32083"
    dependencies:
      brace-expansion "^1.1.7"
  
  minimist@0.0.8:
    version "0.0.8"
    resolved "http://registry.npm.taobao.org/minimist/download/minimist-0.0.8.tgz#857fcabfc3397d2625b8228262e86aa7a011b05d"
  
  minimist@^1.2.0:
    version "1.2.0"
    resolved "http://registry.npm.taobao.org/minimist/download/minimist-1.2.0.tgz#a35008b20f41383eec1fb914f4cd5df79a264284"
  
  mkdirp@0.x.x, mkdirp@^0.5.1:
    version "0.5.1"
    resolved "http://registry.npm.taobao.org/mkdirp/download/mkdirp-0.5.1.tgz#30057438eac6cf7f8c4767f38648d6697d75c903"
    dependencies:
      minimist "0.0.8"
  
  mute-stream@~0.0.4:
    version "0.0.7"
    resolved "http://registry.npm.taobao.org/mute-stream/download/mute-stream-0.0.7.tgz#3075ce93bc21b8fab43e1bc4da7e8115ed1e7bab"
  
  ncp@1.0.x:
    version "1.0.1"
    resolved "http://registry.npm.taobao.org/ncp/download/ncp-1.0.1.tgz#d15367e5cb87432ba117d2bf80fdf45aecfb4246"
  
  once@^1.3.0:
    version "1.4.0"
    resolved "http://registry.npm.taobao.org/once/download/once-1.4.0.tgz#583b1aa775961d4b113ac17d9c50baef9dd76bd1"
    dependencies:
      wrappy "1"
  
  path-is-absolute@^1.0.0:
    version "1.0.1"
    resolved "http://registry.npm.taobao.org/path-is-absolute/download/path-is-absolute-1.0.1.tgz#174b9268735534ffbc7ace6bf53a5a9e1b5c5f5f"
  
  pkginfo@0.3.x:
    version "0.3.1"
    resolved "http://registry.npm.taobao.org/pkginfo/download/pkginfo-0.3.1.tgz#5b29f6a81f70717142e09e765bbeab97b4f81e21"
  
  pkginfo@0.x.x:
    version "0.4.1"
    resolved "http://registry.npm.taobao.org/pkginfo/download/pkginfo-0.4.1.tgz#b5418ef0439de5425fc4995042dced14fb2a84ff"
  
  prompt@^1.0.0:
    version "1.0.0"
    resolved "http://registry.npm.taobao.org/prompt/download/prompt-1.0.0.tgz#8e57123c396ab988897fb327fd3aedc3e735e4fe"
    dependencies:
      colors "^1.1.2"
      pkginfo "0.x.x"
      read "1.0.x"
      revalidator "0.1.x"
      utile "0.3.x"
      winston "2.1.x"
  
  read@1.0.x:
    version "1.0.7"
    resolved "http://registry.npm.taobao.org/read/download/read-1.0.7.tgz#b3da19bd052431a97671d44a42634adf710b40c4"
    dependencies:
      mute-stream "~0.0.4"
  
  revalidator@0.1.x:
    version "0.1.8"
    resolved "http://registry.npm.taobao.org/revalidator/download/revalidator-0.1.8.tgz#fece61bfa0c1b52a206bd6b18198184bdd523a3b"
  
  rimraf@2.x.x:
    version "2.6.2"
    resolved "http://registry.npm.taobao.org/rimraf/download/rimraf-2.6.2.tgz#2ed8150d24a16ea8651e6d6ef0f47c4158ce7a36"
    dependencies:
      glob "^7.0.5"
  
  source-map-support@^0.5.6:
    version "0.5.6"
    resolved "http://registry.npm.taobao.org/source-map-support/download/source-map-support-0.5.6.tgz#4435cee46b1aab62b8e8610ce60f788091c51c13"
    dependencies:
      buffer-from "^1.0.0"
      source-map "^0.6.0"
  
  source-map@^0.6.0:
    version "0.6.1"
    resolved "http://registry.npm.taobao.org/source-map/download/source-map-0.6.1.tgz#74722af32e9614e9c287a8d0bbde48b5e2f1a263"
  
  stack-trace@0.0.x:
    version "0.0.10"
    resolved "http://registry.npm.taobao.org/stack-trace/download/stack-trace-0.0.10.tgz#547c70b347e8d32b4e108ea1a2a159e5fdde19c0"
  
  ts-node@^7.0.0:
    version "7.0.0"
    resolved "http://registry.npm.taobao.org/ts-node/download/ts-node-7.0.0.tgz#a94a13c75e5e1aa6b82814b84c68deb339ba7bff"
    dependencies:
      arrify "^1.0.0"
      buffer-from "^1.1.0"
      diff "^3.1.0"
      make-error "^1.1.1"
      minimist "^1.2.0"
      mkdirp "^0.5.1"
      source-map-support "^0.5.6"
      yn "^2.0.0"
  
  typescript@^2.9.2:
    version "2.9.2"
    resolved "http://registry.npm.taobao.org/typescript/download/typescript-2.9.2.tgz#1cbf61d05d6b96269244eb6a3bce4bd914e0f00c"
  
  utile@0.3.x:
    version "0.3.0"
    resolved "http://registry.npm.taobao.org/utile/download/utile-0.3.0.tgz#1352c340eb820e4d8ddba039a4fbfaa32ed4ef3a"
    dependencies:
      async "~0.9.0"
      deep-equal "~0.2.1"
      i "0.3.x"
      mkdirp "0.x.x"
      ncp "1.0.x"
      rimraf "2.x.x"
  
  winston@2.1.x:
    version "2.1.1"
    resolved "http://registry.npm.taobao.org/winston/download/winston-2.1.1.tgz#3c9349d196207fd1bdff9d4bc43ef72510e3a12e"
    dependencies:
      async "~1.0.0"
      colors "1.0.x"
      cycle "1.0.x"
      eyes "0.1.x"
      isstream "0.1.x"
      pkginfo "0.3.x"
      stack-trace "0.0.x"
  
  wrappy@1:
    version "1.0.2"
    resolved "http://registry.npm.taobao.org/wrappy/download/wrappy-1.0.2.tgz#b5243d8f3ec1aa35f1364605bc0d1036e30ab69f"
  
  yn@^2.0.0:
    version "2.0.0"
    resolved "http://registry.npm.taobao.org/yn/download/yn-2.0.0.tgz#e5adabc8acf408f6385fc76495684c88e6af689a"
